<?xml version="1.0" encoding="UTF-8"?>
<testng-results ignored="0" total="1" passed="1" failed="0" skipped="0">
  <reporter-output>
  </reporter-output>
  <suite started-at="2023-08-31T11:55:36 IST" name="Surefire suite" finished-at="2023-08-31T11:55:36 IST" duration-ms="27">
    <groups>
    </groups>
    <test started-at="2023-08-31T11:55:36 IST" name="Surefire test" finished-at="2023-08-31T11:55:36 IST" duration-ms="27">
      <class name="work.DemoTest">
        <test-method signature="Hello()[pri:0, instance:work.DemoTest@3943a2be]" started-at="2023-08-31T11:55:36 IST" name="Hello" finished-at="2023-08-31T11:55:36 IST" duration-ms="4" status="PASS">
          <reporter-output>
          </reporter-output>
        </test-method> <!-- Hello -->
      </class> <!-- work.DemoTest -->
    </test> <!-- Surefire test -->
  </suite> <!-- Surefire suite -->
</testng-results>
